Sun Jan  8 11:07:38 2023 - INFO  - start to run testcase:oe_test_binary_files_operation.
Sun Jan  8 11:37:58 2023 - WARN  - The case execution timeout.
Sun Jan  8 11:38:06 2023 - ERROR - The case exit by code 143.
Sun Jan  8 11:38:16 2023 - INFO  - End to run testcase:oe_test_binary_files_operation.
Sun Jan  8 11:38:26 2023 - INFO  - A total of 1 use cases were executed, with 0 successes and 1 failures.
Sun Jan  8 11:39:16 2023 - INFO  - start to run testcase:oe_test_build-classpath.
Sun Jan  8 11:47:25 2023 - ERROR - The case exit by code 3.
Sun Jan  8 11:47:35 2023 - INFO  - End to run testcase:oe_test_build-classpath.
Sun Jan  8 11:47:43 2023 - INFO  - A total of 1 use cases were executed, with 0 successes and 1 failures.
Sun Jan  8 11:48:29 2023 - INFO  - start to run testcase:oe_test_build-jar-repository.
Sun Jan  8 12:08:52 2023 - INFO  - The case exit by code 0.
Sun Jan  8 12:08:58 2023 - INFO  - End to run testcase:oe_test_build-jar-repository.
Sun Jan  8 12:09:05 2023 - INFO  - A total of 1 use cases were executed, with 1 successes and 0 failures.
Sun Jan  8 12:09:39 2023 - INFO  - start to run testcase:oe_test_find-shade-jar.
Sun Jan  8 12:34:47 2023 - INFO  - The case exit by code 0.
Sun Jan  8 12:34:54 2023 - INFO  - End to run testcase:oe_test_find-shade-jar.
Sun Jan  8 12:35:01 2023 - INFO  - A total of 1 use cases were executed, with 1 successes and 0 failures.
Sun Jan  8 12:35:41 2023 - INFO  - start to run testcase:oe_test_javapackages-local.
Sun Jan  8 12:46:53 2023 - INFO  - The case exit by code 0.
Sun Jan  8 12:47:00 2023 - INFO  - End to run testcase:oe_test_javapackages-local.
Sun Jan  8 12:47:06 2023 - INFO  - A total of 1 use cases were executed, with 1 successes and 0 failures.
