Fri Feb  3 16:16:51 2023 - INFO  - start to run testcase:oe_test_binary_files_operation.
Fri Feb  3 16:47:13 2023 - WARN  - The case execution timeout.
Fri Feb  3 16:47:25 2023 - ERROR - The case exit by code 143.
Fri Feb  3 16:47:37 2023 - INFO  - End to run testcase:oe_test_binary_files_operation.
Fri Feb  3 16:47:46 2023 - INFO  - A total of 1 use cases were executed, with 0 successes and 1 failures.
Fri Feb  3 16:48:37 2023 - INFO  - start to run testcase:oe_test_build-classpath.
Fri Feb  3 17:10:36 2023 - INFO  - The case exit by code 0.
Fri Feb  3 17:10:44 2023 - INFO  - End to run testcase:oe_test_build-classpath.
Fri Feb  3 17:10:50 2023 - INFO  - A total of 1 use cases were executed, with 1 successes and 0 failures.
Fri Feb  3 17:11:29 2023 - INFO  - start to run testcase:oe_test_build-jar-repository.
Fri Feb  3 17:38:31 2023 - INFO  - The case exit by code 0.
Fri Feb  3 17:38:45 2023 - INFO  - End to run testcase:oe_test_build-jar-repository.
Fri Feb  3 17:38:59 2023 - INFO  - A total of 1 use cases were executed, with 1 successes and 0 failures.
Fri Feb  3 17:40:09 2023 - INFO  - start to run testcase:oe_test_find-shade-jar.
Fri Feb  3 18:10:42 2023 - WARN  - The case execution timeout.
Fri Feb  3 18:10:57 2023 - ERROR - The case exit by code 143.
Fri Feb  3 18:11:08 2023 - INFO  - End to run testcase:oe_test_find-shade-jar.
Fri Feb  3 18:11:18 2023 - INFO  - A total of 1 use cases were executed, with 0 successes and 1 failures.
Fri Feb  3 18:12:13 2023 - INFO  - start to run testcase:oe_test_javapackages-local.
Fri Feb  3 18:23:01 2023 - ERROR - The case exit by code 4.
Fri Feb  3 18:23:10 2023 - INFO  - End to run testcase:oe_test_javapackages-local.
Fri Feb  3 18:23:19 2023 - INFO  - A total of 1 use cases were executed, with 0 successes and 1 failures.
