Sun Jan  8 13:48:45 2023 - INFO  - start to run testcase:oe_test_junit5_abnormal_removejar.
Sun Jan  8 14:13:18 2023 - INFO  - The case exit by code 0.
Sun Jan  8 14:13:26 2023 - INFO  - End to run testcase:oe_test_junit5_abnormal_removejar.
Sun Jan  8 14:13:34 2023 - INFO  - A total of 1 use cases were executed, with 1 successes and 0 failures.
Sun Jan  8 14:14:18 2023 - INFO  - start to run testcase:oe_test_junit5_annotation_tag.
Sun Jan  8 14:35:30 2023 - INFO  - The case exit by code 0.
Sun Jan  8 14:35:38 2023 - INFO  - End to run testcase:oe_test_junit5_annotation_tag.
Sun Jan  8 14:35:46 2023 - INFO  - A total of 1 use cases were executed, with 1 successes and 0 failures.
Sun Jan  8 14:36:24 2023 - INFO  - start to run testcase:oe_test_junit5_annotation_timeout.
Sun Jan  8 15:00:02 2023 - INFO  - The case exit by code 0.
Sun Jan  8 15:00:09 2023 - INFO  - End to run testcase:oe_test_junit5_annotation_timeout.
Sun Jan  8 15:00:16 2023 - INFO  - A total of 1 use cases were executed, with 1 successes and 0 failures.
Sun Jan  8 15:00:59 2023 - INFO  - start to run testcase:oe_test_junit5_ant.
Sun Jan  8 15:31:28 2023 - WARN  - The case execution timeout.
Sun Jan  8 15:31:40 2023 - ERROR - The case exit by code 143.
Sun Jan  8 15:31:52 2023 - INFO  - End to run testcase:oe_test_junit5_ant.
Sun Jan  8 15:32:01 2023 - INFO  - A total of 1 use cases were executed, with 0 successes and 1 failures.
Sun Jan  8 15:33:05 2023 - INFO  - start to run testcase:oe_test_junit5_assert.
Sun Jan  8 15:52:08 2023 - INFO  - The case exit by code 0.
Sun Jan  8 15:52:11 2023 - INFO  - End to run testcase:oe_test_junit5_assert.
Sun Jan  8 15:52:14 2023 - INFO  - A total of 1 use cases were executed, with 1 successes and 0 failures.
Sun Jan  8 15:52:27 2023 - INFO  - start to run testcase:oe_test_junit5_epeat.
Sun Jan  8 16:00:38 2023 - INFO  - The case exit by code 0.
Sun Jan  8 16:00:40 2023 - INFO  - End to run testcase:oe_test_junit5_epeat.
Sun Jan  8 16:00:43 2023 - INFO  - A total of 1 use cases were executed, with 1 successes and 0 failures.
Sun Jan  8 16:00:55 2023 - INFO  - start to run testcase:oe_test_junit5_junit4.
Sun Jan  8 16:31:06 2023 - WARN  - The case execution timeout.
Sun Jan  8 16:31:11 2023 - ERROR - The case exit by code 143.
Sun Jan  8 16:31:17 2023 - INFO  - End to run testcase:oe_test_junit5_junit4.
Sun Jan  8 16:31:24 2023 - INFO  - A total of 1 use cases were executed, with 0 successes and 1 failures.
Sun Jan  8 16:31:56 2023 - INFO  - start to run testcase:oe_test_junit5_kotlin_maven.
Sun Jan  8 17:02:11 2023 - WARN  - The case execution timeout.
Sun Jan  8 17:02:17 2023 - ERROR - The case exit by code 143.
Sun Jan  8 17:02:24 2023 - INFO  - End to run testcase:oe_test_junit5_kotlin_maven.
Sun Jan  8 17:02:30 2023 - INFO  - A total of 1 use cases were executed, with 0 successes and 1 failures.
Sun Jan  8 17:03:02 2023 - INFO  - start to run testcase:oe_test_junit5_maven.
Sun Jan  8 17:33:16 2023 - WARN  - The case execution timeout.
Sun Jan  8 17:33:20 2023 - ERROR - The case exit by code 143.
Sun Jan  8 17:33:24 2023 - INFO  - End to run testcase:oe_test_junit5_maven.
Sun Jan  8 17:33:30 2023 - INFO  - A total of 1 use cases were executed, with 0 successes and 1 failures.
Sun Jan  8 17:33:55 2023 - INFO  - start to run testcase:oe_test_junit5_noimport.
Sun Jan  8 17:40:39 2023 - INFO  - The case exit by code 0.
Sun Jan  8 17:40:43 2023 - INFO  - End to run testcase:oe_test_junit5_noimport.
Sun Jan  8 17:40:47 2023 - INFO  - A total of 1 use cases were executed, with 1 successes and 0 failures.
Sun Jan  8 17:41:12 2023 - INFO  - start to run testcase:oe_test_junit5_parametric.
Sun Jan  8 17:53:55 2023 - INFO  - The case exit by code 0.
Sun Jan  8 17:53:59 2023 - INFO  - End to run testcase:oe_test_junit5_parametric.
Sun Jan  8 17:54:02 2023 - INFO  - A total of 1 use cases were executed, with 1 successes and 0 failures.
Sun Jan  8 17:54:23 2023 - INFO  - start to run testcase:oe_test_junit5_spring_maven.
Sun Jan  8 18:24:33 2023 - WARN  - The case execution timeout.
Sun Jan  8 18:24:39 2023 - ERROR - The case exit by code 143.
Sun Jan  8 18:24:46 2023 - INFO  - End to run testcase:oe_test_junit5_spring_maven.
Sun Jan  8 18:24:50 2023 - INFO  - A total of 1 use cases were executed, with 0 successes and 1 failures.
