Sun Jan  8 10:38:17 2023 - INFO  - start to run testcase:oe_test_openjdk_javadoc_javah.
Sun Jan  8 11:08:33 2023 - WARN  - The case execution timeout.
Sun Jan  8 11:08:41 2023 - ERROR - The case exit by code 143.
Sun Jan  8 11:08:49 2023 - INFO  - End to run testcase:oe_test_openjdk_javadoc_javah.
Sun Jan  8 11:08:56 2023 - INFO  - A total of 1 use cases were executed, with 0 successes and 1 failures.
Sun Jan  8 11:09:36 2023 - INFO  - start to run testcase:oe_test_openjdk_java_javac.
Sun Jan  8 11:40:02 2023 - WARN  - The case execution timeout.
Sun Jan  8 11:40:12 2023 - ERROR - The case exit by code 143.
Sun Jan  8 11:40:22 2023 - INFO  - End to run testcase:oe_test_openjdk_java_javac.
Sun Jan  8 11:40:33 2023 - INFO  - A total of 1 use cases were executed, with 0 successes and 1 failures.
Sun Jan  8 11:41:28 2023 - INFO  - start to run testcase:oe_test_openjdk_javap_jcmd.
Sun Jan  8 12:01:01 2023 - INFO  - The case exit by code 0.
Sun Jan  8 12:01:11 2023 - INFO  - End to run testcase:oe_test_openjdk_javap_jcmd.
Sun Jan  8 12:01:18 2023 - INFO  - A total of 1 use cases were executed, with 1 successes and 0 failures.
Sun Jan  8 12:01:56 2023 - INFO  - start to run testcase:oe_test_openjdk_jjs_jmap.
Sun Jan  8 12:32:14 2023 - WARN  - The case execution timeout.
Sun Jan  8 12:32:20 2023 - ERROR - The case exit by code 143.
Sun Jan  8 12:32:29 2023 - INFO  - End to run testcase:oe_test_openjdk_jjs_jmap.
Sun Jan  8 12:32:36 2023 - INFO  - A total of 1 use cases were executed, with 0 successes and 1 failures.
Sun Jan  8 12:33:15 2023 - INFO  - start to run testcase:oe_test_openjdk_jsadebugd_jstack.
Sun Jan  8 12:58:54 2023 - INFO  - The case exit by code 0.
Sun Jan  8 12:59:04 2023 - INFO  - End to run testcase:oe_test_openjdk_jsadebugd_jstack.
Sun Jan  8 12:59:11 2023 - INFO  - A total of 1 use cases were executed, with 1 successes and 0 failures.
Sun Jan  8 12:59:57 2023 - INFO  - start to run testcase:oe_test_openjdk_native2ascii_pack200.
Sun Jan  8 13:08:43 2023 - INFO  - The case exit by code 0.
Sun Jan  8 13:08:51 2023 - INFO  - End to run testcase:oe_test_openjdk_native2ascii_pack200.
Sun Jan  8 13:08:58 2023 - INFO  - A total of 1 use cases were executed, with 1 successes and 0 failures.
Sun Jan  8 13:09:37 2023 - INFO  - start to run testcase:oe_test_openjdk_rmic_rmid.
Sun Jan  8 13:15:29 2023 - ERROR - The case exit by code 5.
Sun Jan  8 13:15:36 2023 - INFO  - End to run testcase:oe_test_openjdk_rmic_rmid.
Sun Jan  8 13:15:42 2023 - INFO  - A total of 1 use cases were executed, with 0 successes and 1 failures.
Sun Jan  8 13:16:14 2023 - INFO  - start to run testcase:oe_test_openjdk_servertool_unpack200.
Sun Jan  8 13:46:35 2023 - WARN  - The case execution timeout.
Sun Jan  8 13:46:41 2023 - ERROR - The case exit by code 143.
Sun Jan  8 13:46:49 2023 - INFO  - End to run testcase:oe_test_openjdk_servertool_unpack200.
Sun Jan  8 13:46:56 2023 - INFO  - A total of 1 use cases were executed, with 0 successes and 1 failures.
