Thu Feb  2 21:39:17 2023 - INFO  - start to run testcase:oe_test_junit5_abnormal_removejar.
Thu Feb  2 21:54:51 2023 - INFO  - The case exit by code 0.
Thu Feb  2 21:54:56 2023 - INFO  - End to run testcase:oe_test_junit5_abnormal_removejar.
Thu Feb  2 21:55:00 2023 - INFO  - A total of 1 use cases were executed, with 1 successes and 0 failures.
Thu Feb  2 21:55:22 2023 - INFO  - start to run testcase:oe_test_junit5_annotation_tag.
Thu Feb  2 22:09:18 2023 - INFO  - The case exit by code 0.
Thu Feb  2 22:09:22 2023 - INFO  - End to run testcase:oe_test_junit5_annotation_tag.
Thu Feb  2 22:09:26 2023 - INFO  - A total of 1 use cases were executed, with 1 successes and 0 failures.
Thu Feb  2 22:09:48 2023 - INFO  - start to run testcase:oe_test_junit5_annotation_timeout.
Thu Feb  2 22:24:37 2023 - INFO  - The case exit by code 0.
Thu Feb  2 22:24:43 2023 - INFO  - End to run testcase:oe_test_junit5_annotation_timeout.
Thu Feb  2 22:24:47 2023 - INFO  - A total of 1 use cases were executed, with 1 successes and 0 failures.
Thu Feb  2 22:25:13 2023 - INFO  - start to run testcase:oe_test_junit5_ant.
Thu Feb  2 22:47:59 2023 - INFO  - The case exit by code 0.
Thu Feb  2 22:48:04 2023 - INFO  - End to run testcase:oe_test_junit5_ant.
Thu Feb  2 22:48:09 2023 - INFO  - A total of 1 use cases were executed, with 1 successes and 0 failures.
Thu Feb  2 22:48:32 2023 - INFO  - start to run testcase:oe_test_junit5_assert.
Thu Feb  2 23:02:08 2023 - INFO  - The case exit by code 0.
Thu Feb  2 23:02:13 2023 - INFO  - End to run testcase:oe_test_junit5_assert.
Thu Feb  2 23:02:17 2023 - INFO  - A total of 1 use cases were executed, with 1 successes and 0 failures.
Thu Feb  2 23:02:40 2023 - INFO  - start to run testcase:oe_test_junit5_epeat.
Thu Feb  2 23:16:13 2023 - INFO  - The case exit by code 0.
Thu Feb  2 23:16:15 2023 - INFO  - End to run testcase:oe_test_junit5_epeat.
Thu Feb  2 23:16:18 2023 - INFO  - A total of 1 use cases were executed, with 1 successes and 0 failures.
Thu Feb  2 23:16:36 2023 - INFO  - start to run testcase:oe_test_junit5_junit4.
Thu Feb  2 23:42:13 2023 - ERROR - The case exit by code 3.
Thu Feb  2 23:42:21 2023 - INFO  - End to run testcase:oe_test_junit5_junit4.
Thu Feb  2 23:42:26 2023 - INFO  - A total of 1 use cases were executed, with 0 successes and 1 failures.
Thu Feb  2 23:42:50 2023 - INFO  - start to run testcase:oe_test_junit5_kotlin_maven.
Fri Feb  3 00:08:06 2023 - ERROR - The case exit by code 3.
Fri Feb  3 00:08:12 2023 - INFO  - End to run testcase:oe_test_junit5_kotlin_maven.
Fri Feb  3 00:08:17 2023 - INFO  - A total of 1 use cases were executed, with 0 successes and 1 failures.
Fri Feb  3 00:08:42 2023 - INFO  - start to run testcase:oe_test_junit5_maven.
Fri Feb  3 00:38:16 2023 - ERROR - The case exit by code 3.
Fri Feb  3 00:38:21 2023 - INFO  - End to run testcase:oe_test_junit5_maven.
Fri Feb  3 00:38:25 2023 - INFO  - A total of 1 use cases were executed, with 0 successes and 1 failures.
Fri Feb  3 00:38:52 2023 - INFO  - start to run testcase:oe_test_junit5_noimport.
Fri Feb  3 00:54:11 2023 - INFO  - The case exit by code 0.
Fri Feb  3 00:54:16 2023 - INFO  - End to run testcase:oe_test_junit5_noimport.
Fri Feb  3 00:54:20 2023 - INFO  - A total of 1 use cases were executed, with 1 successes and 0 failures.
Fri Feb  3 00:54:45 2023 - INFO  - start to run testcase:oe_test_junit5_parametric.
Fri Feb  3 01:10:55 2023 - INFO  - The case exit by code 0.
Fri Feb  3 01:11:00 2023 - INFO  - End to run testcase:oe_test_junit5_parametric.
Fri Feb  3 01:11:07 2023 - INFO  - A total of 1 use cases were executed, with 1 successes and 0 failures.
Fri Feb  3 01:11:33 2023 - INFO  - start to run testcase:oe_test_junit5_spring_maven.
Fri Feb  3 01:41:47 2023 - WARN  - The case execution timeout.
Fri Feb  3 01:41:51 2023 - ERROR - The case exit by code 143.
Fri Feb  3 01:41:56 2023 - INFO  - End to run testcase:oe_test_junit5_spring_maven.
Fri Feb  3 01:42:00 2023 - INFO  - A total of 1 use cases were executed, with 0 successes and 1 failures.
