Fri Feb  3 02:21:33 2023 - INFO  - start to run testcase:oe_test_memaslap.
Fri Feb  3 02:32:19 2023 - INFO  - The case exit by code 0.
Fri Feb  3 02:32:23 2023 - INFO  - End to run testcase:oe_test_memaslap.
Fri Feb  3 02:32:28 2023 - INFO  - A total of 1 use cases were executed, with 1 successes and 0 failures.
Fri Feb  3 02:32:51 2023 - INFO  - start to run testcase:oe_test_memcapable.
Fri Feb  3 02:40:56 2023 - INFO  - The case exit by code 0.
Fri Feb  3 02:41:02 2023 - INFO  - End to run testcase:oe_test_memcapable.
Fri Feb  3 02:41:07 2023 - INFO  - A total of 1 use cases were executed, with 1 successes and 0 failures.
Fri Feb  3 02:41:32 2023 - INFO  - start to run testcase:oe_test_memcat.
Fri Feb  3 02:48:23 2023 - INFO  - The case exit by code 0.
Fri Feb  3 02:48:28 2023 - INFO  - End to run testcase:oe_test_memcat.
Fri Feb  3 02:48:32 2023 - INFO  - A total of 1 use cases were executed, with 1 successes and 0 failures.
Fri Feb  3 02:48:55 2023 - INFO  - start to run testcase:oe_test_memcp.
Fri Feb  3 02:56:11 2023 - INFO  - The case exit by code 0.
Fri Feb  3 02:56:15 2023 - INFO  - End to run testcase:oe_test_memcp.
Fri Feb  3 02:56:20 2023 - INFO  - A total of 1 use cases were executed, with 1 successes and 0 failures.
Fri Feb  3 02:56:41 2023 - INFO  - start to run testcase:oe_test_memdump-memerror.
Fri Feb  3 03:02:58 2023 - INFO  - The case exit by code 0.
Fri Feb  3 03:03:01 2023 - INFO  - End to run testcase:oe_test_memdump-memerror.
Fri Feb  3 03:03:03 2023 - INFO  - A total of 1 use cases were executed, with 1 successes and 0 failures.
Fri Feb  3 03:03:17 2023 - INFO  - start to run testcase:oe_test_memexist.
Fri Feb  3 03:10:52 2023 - INFO  - The case exit by code 0.
Fri Feb  3 03:10:57 2023 - INFO  - End to run testcase:oe_test_memexist.
Fri Feb  3 03:11:02 2023 - INFO  - A total of 1 use cases were executed, with 1 successes and 0 failures.
Fri Feb  3 03:11:24 2023 - INFO  - start to run testcase:oe_test_memflush.
Fri Feb  3 03:17:40 2023 - INFO  - The case exit by code 0.
Fri Feb  3 03:17:45 2023 - INFO  - End to run testcase:oe_test_memflush.
Fri Feb  3 03:17:49 2023 - INFO  - A total of 1 use cases were executed, with 1 successes and 0 failures.
Fri Feb  3 03:18:14 2023 - INFO  - start to run testcase:oe_test_memping.
Fri Feb  3 03:25:43 2023 - INFO  - The case exit by code 0.
Fri Feb  3 03:25:47 2023 - INFO  - End to run testcase:oe_test_memping.
Fri Feb  3 03:25:50 2023 - INFO  - A total of 1 use cases were executed, with 1 successes and 0 failures.
Fri Feb  3 03:26:16 2023 - INFO  - start to run testcase:oe_test_memrm.
Fri Feb  3 03:33:45 2023 - INFO  - The case exit by code 0.
Fri Feb  3 03:33:50 2023 - INFO  - End to run testcase:oe_test_memrm.
Fri Feb  3 03:33:54 2023 - INFO  - A total of 1 use cases were executed, with 1 successes and 0 failures.
Fri Feb  3 03:34:18 2023 - INFO  - start to run testcase:oe_test_memslap.
Fri Feb  3 03:53:47 2023 - INFO  - The case exit by code 0.
Fri Feb  3 03:53:53 2023 - INFO  - End to run testcase:oe_test_memslap.
Fri Feb  3 03:53:56 2023 - INFO  - A total of 1 use cases were executed, with 1 successes and 0 failures.
Fri Feb  3 03:54:18 2023 - INFO  - start to run testcase:oe_test_memstat.
Fri Feb  3 04:00:55 2023 - INFO  - The case exit by code 0.
Fri Feb  3 04:01:01 2023 - INFO  - End to run testcase:oe_test_memstat.
Fri Feb  3 04:01:09 2023 - INFO  - A total of 1 use cases were executed, with 1 successes and 0 failures.
Fri Feb  3 04:01:22 2023 - INFO  - start to run testcase:oe_test_memtouch.
Fri Feb  3 04:08:27 2023 - INFO  - The case exit by code 0.
Fri Feb  3 04:08:38 2023 - INFO  - End to run testcase:oe_test_memtouch.
Fri Feb  3 04:08:50 2023 - INFO  - A total of 1 use cases were executed, with 1 successes and 0 failures.
