Sun Jan  8 20:36:48 2023 - INFO  - start to run testcase:oe_test_memaslap.
Sun Jan  8 20:44:02 2023 - INFO  - The case exit by code 0.
Sun Jan  8 20:44:05 2023 - INFO  - End to run testcase:oe_test_memaslap.
Sun Jan  8 20:44:07 2023 - INFO  - A total of 1 use cases were executed, with 1 successes and 0 failures.
Sun Jan  8 20:44:22 2023 - INFO  - start to run testcase:oe_test_memcapable.
Sun Jan  8 20:49:19 2023 - INFO  - The case exit by code 0.
Sun Jan  8 20:49:22 2023 - INFO  - End to run testcase:oe_test_memcapable.
Sun Jan  8 20:49:24 2023 - INFO  - A total of 1 use cases were executed, with 1 successes and 0 failures.
Sun Jan  8 20:49:37 2023 - INFO  - start to run testcase:oe_test_memcat.
Sun Jan  8 20:53:52 2023 - INFO  - The case exit by code 0.
Sun Jan  8 20:53:56 2023 - INFO  - End to run testcase:oe_test_memcat.
Sun Jan  8 20:53:58 2023 - INFO  - A total of 1 use cases were executed, with 1 successes and 0 failures.
Sun Jan  8 20:54:12 2023 - INFO  - start to run testcase:oe_test_memcp.
Sun Jan  8 20:58:50 2023 - INFO  - The case exit by code 0.
Sun Jan  8 20:58:53 2023 - INFO  - End to run testcase:oe_test_memcp.
Sun Jan  8 20:58:55 2023 - INFO  - A total of 1 use cases were executed, with 1 successes and 0 failures.
Sun Jan  8 20:59:10 2023 - INFO  - start to run testcase:oe_test_memdump-memerror.
Sun Jan  8 21:03:31 2023 - INFO  - The case exit by code 0.
Sun Jan  8 21:03:34 2023 - INFO  - End to run testcase:oe_test_memdump-memerror.
Sun Jan  8 21:03:36 2023 - INFO  - A total of 1 use cases were executed, with 1 successes and 0 failures.
Sun Jan  8 21:03:50 2023 - INFO  - start to run testcase:oe_test_memexist.
Sun Jan  8 21:08:02 2023 - INFO  - The case exit by code 0.
Sun Jan  8 21:08:06 2023 - INFO  - End to run testcase:oe_test_memexist.
Sun Jan  8 21:08:08 2023 - INFO  - A total of 1 use cases were executed, with 1 successes and 0 failures.
Sun Jan  8 21:08:22 2023 - INFO  - start to run testcase:oe_test_memflush.
Sun Jan  8 21:12:33 2023 - INFO  - The case exit by code 0.
Sun Jan  8 21:12:36 2023 - INFO  - End to run testcase:oe_test_memflush.
Sun Jan  8 21:12:38 2023 - INFO  - A total of 1 use cases were executed, with 1 successes and 0 failures.
Sun Jan  8 21:12:52 2023 - INFO  - start to run testcase:oe_test_memping.
Sun Jan  8 21:17:09 2023 - INFO  - The case exit by code 0.
Sun Jan  8 21:17:12 2023 - INFO  - End to run testcase:oe_test_memping.
Sun Jan  8 21:17:17 2023 - INFO  - A total of 1 use cases were executed, with 1 successes and 0 failures.
Sun Jan  8 21:17:34 2023 - INFO  - start to run testcase:oe_test_memrm.
Sun Jan  8 21:21:46 2023 - INFO  - The case exit by code 0.
Sun Jan  8 21:21:49 2023 - INFO  - End to run testcase:oe_test_memrm.
Sun Jan  8 21:21:52 2023 - INFO  - A total of 1 use cases were executed, with 1 successes and 0 failures.
Sun Jan  8 21:22:07 2023 - INFO  - start to run testcase:oe_test_memslap.
Sun Jan  8 21:35:47 2023 - INFO  - The case exit by code 0.
Sun Jan  8 21:35:51 2023 - INFO  - End to run testcase:oe_test_memslap.
Sun Jan  8 21:35:53 2023 - INFO  - A total of 1 use cases were executed, with 1 successes and 0 failures.
Sun Jan  8 21:36:06 2023 - INFO  - start to run testcase:oe_test_memstat.
Sun Jan  8 21:40:14 2023 - INFO  - The case exit by code 0.
Sun Jan  8 21:40:16 2023 - INFO  - End to run testcase:oe_test_memstat.
Sun Jan  8 21:40:18 2023 - INFO  - A total of 1 use cases were executed, with 1 successes and 0 failures.
Sun Jan  8 21:40:32 2023 - INFO  - start to run testcase:oe_test_memtouch.
Sun Jan  8 21:45:00 2023 - INFO  - The case exit by code 0.
Sun Jan  8 21:45:02 2023 - INFO  - End to run testcase:oe_test_memtouch.
Sun Jan  8 21:45:05 2023 - INFO  - A total of 1 use cases were executed, with 1 successes and 0 failures.
